<?xml version="1.0" encoding="UTF-8"?>
<!-- Generated by org.testng.reporters.JUnitXMLReporter -->
<testsuite ignored="0" hostname="DESKTOP-GCHVIFO" failures="0" tests="6" name="Default test" time="0.363" errors="0" timestamp="22 Apr 2022 17:46:21 GMT">
  <testcase classname="TestSample" name="test03" time="0.047"/>
  <testcase classname="TestSample" name="test06" time="0.016"/>
  <testcase classname="TestSample" name="test01" time="0.015"/>
  <testcase classname="TestSample" name="test02" time="0.032"/>
  <testcase classname="TestSample" name="test5" time="0.0"/>
  <testcase classname="TestSample" name="test04" time="0.015"/>
</testsuite> <!-- Default test -->
