<?xml version="1.0" encoding="UTF-8"?>
<testng-results ignored="0" total="1" passed="1" failed="0" skipped="0">
  <reporter-output>
  </reporter-output>
  <suite started-at="2022-04-22T18:04:55Z" name="Suite" finished-at="2022-04-22T18:04:55Z" duration-ms="158">
    <groups>
    </groups>
    <test started-at="2022-04-22T18:04:55Z" name="Test" finished-at="2022-04-22T18:04:55Z" duration-ms="158">
      <class name="org.test.Test3">
        <test-method signature="test01(java.lang.String, java.lang.String)[pri:0, instance:org.test.Test3@609cd4d8]" started-at="2022-04-22T18:04:55Z" name="test01" finished-at="2022-04-22T18:04:55Z" duration-ms="63" status="PASS">
          <params>
            <param index="0">
              <value>
                <![CDATA[dffggf]]>
              </value>
            </param>
            <param index="1">
              <value>
                <![CDATA[gdft#123]]>
              </value>
            </param>
          </params>
          <reporter-output>
          </reporter-output>
        </test-method> <!-- test01 -->
      </class> <!-- org.test.Test3 -->
    </test> <!-- Test -->
  </suite> <!-- Suite -->
</testng-results>
